[2026-02-02 15:59:38] pywin32 not installed
[2026-02-02 15:59:38] GlobalLock failed
[2026-02-02 15:59:38] ctypes: Register GIF fmt=49470 ok=False
[2026-02-02 15:59:38] GlobalLock failed
[2026-02-02 15:59:38] ctypes: CF_DIB failed
[2026-02-02 15:59:38] GlobalLock failed
[2026-02-02 15:59:38] cfhdrop ok=False
[2026-02-02 16:03:55] pywin32 not installed
[2026-02-02 16:03:55] ctypes: Register GIF fmt=49470 ok=True
[2026-02-02 16:03:55] cfhdrop ok=True
[2026-02-02 17:04:35] copy_path_to_clipboard called: d:\myCode\screen2gif\gif\20260202_165906.gif
[2026-02-02 17:04:35] copy_path_to_clipboard results: [('cfhdrop_ctypes', False), ('gif_ctypes', False), ('pywin32', False)]
[2026-02-02 17:05:05] copy_path_to_clipboard called: d:\myCode\screen2gif\gif\20260202_165906.gif
[2026-02-02 17:05:05] cfhdrop ok=True
[2026-02-02 17:05:05] copy_path_to_clipboard: cfhdrop_ctypes succeeded
[2026-02-02 17:05:24] copy_path_to_clipboard called: d:\myCode\screen2gif\gif\20260202_170521.gif
[2026-02-02 17:05:24] cfhdrop ok=True
[2026-02-02 17:05:24] copy_path_to_clipboard: cfhdrop_ctypes succeeded
[2026-02-02 17:06:52] copy_path_to_clipboard called: d:\myCode\screen2gif\gif\20260202_170649.gif
[2026-02-02 17:06:52] cfhdrop ok=True
[2026-02-02 17:06:52] copy_path_to_clipboard: cfhdrop_ctypes succeeded
[2026-02-02 17:39:21] copy_path_to_clipboard called: d:\myCode\screen2gif\gif\20260202_173921.gif
[2026-02-02 17:39:21] cfhdrop ok=True
[2026-02-02 17:39:21] copy_path_to_clipboard: cfhdrop_ctypes succeeded
[2026-02-02 17:42:03] copy_path_to_clipboard called: d:\myCode\screen2gif\gif\20260202_174200.gif
[2026-02-02 17:42:03] cfhdrop ok=True
[2026-02-02 17:42:03] copy_path_to_clipboard: cfhdrop_ctypes succeeded
[2026-02-02 17:43:29] copy_path_to_clipboard called: d:\myCode\screen2gif\gif\20260202_174328.gif
[2026-02-02 17:43:29] cfhdrop ok=True
[2026-02-02 17:43:29] copy_path_to_clipboard: cfhdrop_ctypes succeeded
[2026-02-02 17:47:44] copy_path_to_clipboard called: d:\myCode\screen2gif\gif\20260202_174742.gif
[2026-02-02 17:47:44] cfhdrop ok=True
[2026-02-02 17:47:44] copy_path_to_clipboard: cfhdrop_ctypes succeeded
[2026-02-02 17:50:38] copy_path_to_clipboard called: d:\myCode\screen2gif\gif\20260202_175035.gif
[2026-02-02 17:50:38] cfhdrop ok=True
[2026-02-02 17:50:38] copy_path_to_clipboard: cfhdrop_ctypes succeeded
[2026-02-02 17:53:09] copy_path_to_clipboard called: d:\myCode\screen2gif\gif\20260202_175306.gif
[2026-02-02 17:53:09] cfhdrop ok=True
[2026-02-02 17:53:09] copy_path_to_clipboard: cfhdrop_ctypes succeeded
[2026-02-02 17:57:37] copy_path_to_clipboard called: d:\myCode\screen2gif\gif\20260202_175728.gif
[2026-02-02 17:57:37] cfhdrop ok=True
[2026-02-02 17:57:37] copy_path_to_clipboard: cfhdrop_ctypes succeeded
[2026-02-02 17:59:55] copy_path_to_clipboard called: d:\myCode\screen2gif\gif\20260202_175950.gif
[2026-02-02 17:59:55] cfhdrop ok=True
[2026-02-02 17:59:55] copy_path_to_clipboard: cfhdrop_ctypes succeeded
[2026-02-02 20:29:32] copy_path_to_clipboard called: d:\myCode\screen2gif\gif\20260202_202905.gif
[2026-02-02 20:29:32] cfhdrop ok=True
[2026-02-02 20:29:32] copy_path_to_clipboard: cfhdrop_ctypes succeeded
[2026-02-02 20:32:37] copy_path_to_clipboard called: d:\myCode\screen2gif\gif\20260202_203227.gif
[2026-02-02 20:32:37] cfhdrop ok=True
[2026-02-02 20:32:37] copy_path_to_clipboard: cfhdrop_ctypes succeeded
[2026-02-02 20:33:26] copy_path_to_clipboard called: d:\myCode\screen2gif\gif\20260202_203316.gif
[2026-02-02 20:33:26] cfhdrop ok=True
[2026-02-02 20:33:26] copy_path_to_clipboard: cfhdrop_ctypes succeeded
